{"C:\\Murrays Stuff\\Work Documents\\Code Projects\\webpack-3-mobx-base-project\\src\\index.js": {"path":"C:\\Murrays Stuff\\Work Documents\\Code Projects\\webpack-3-mobx-base-project\\src\\index.js","statementMap":{"0":{"start":{"line":2,"column":13},"end":{"line":2,"column":29}},"1":{"start":{"line":2,"column":44},"end":{"line":2,"column":74}},"2":{"start":{"line":3,"column":16},"end":{"line":3,"column":36}},"3":{"start":{"line":3,"column":54},"end":{"line":3,"column":87}},"4":{"start":{"line":4,"column":22},"end":{"line":4,"column":49}},"5":{"start":{"line":7,"column":11},"end":{"line":7,"column":37}},"6":{"start":{"line":7,"column":50},"end":{"line":7,"column":78}},"7":{"start":{"line":7,"column":117},"end":{"line":7,"column":171}},"8":{"start":{"line":14,"column":24},"end":{"line":21,"column":1}},"9":{"start":{"line":15,"column":4},"end":{"line":19,"column":15}},"10":{"start":{"line":27,"column":28},"end":{"line":38,"column":1}},"11":{"start":{"line":28,"column":20},"end":{"line":28,"column":72}},"12":{"start":{"line":30,"column":4},"end":{"line":37,"column":7}},"13":{"start":{"line":31,"column":8},"end":{"line":31,"column":53}},"14":{"start":{"line":34,"column":8},"end":{"line":36,"column":9}},"15":{"start":{"line":35,"column":12},"end":{"line":35,"column":117}},"16":{"start":{"line":35,"column":62},"end":{"line":35,"column":114}},"17":{"start":{"line":41,"column":0},"end":{"line":41,"column":37}}},"fnMap":{"0":{"name":"_interopRequireDefault","decl":{"start":{"line":7,"column":88},"end":{"line":7,"column":110}},"loc":{"start":{"line":7,"column":116},"end":{"line":7,"column":172}},"line":7},"1":{"name":"renderToTargetDiv","decl":{"start":{"line":14,"column":33},"end":{"line":14,"column":50}},"loc":{"start":{"line":14,"column":73},"end":{"line":21,"column":1}},"line":14},"2":{"name":"findAndRenderToTarget","decl":{"start":{"line":27,"column":37},"end":{"line":27,"column":58}},"loc":{"start":{"line":27,"column":73},"end":{"line":38,"column":1}},"line":27},"3":{"name":"(anonymous_3)","decl":{"start":{"line":30,"column":44},"end":{"line":30,"column":45}},"loc":{"start":{"line":30,"column":66},"end":{"line":37,"column":5}},"line":30},"4":{"name":"(anonymous_4)","decl":{"start":{"line":35,"column":49},"end":{"line":35,"column":50}},"loc":{"start":{"line":35,"column":61},"end":{"line":35,"column":115}},"line":35}},"branchMap":{"0":{"loc":{"start":{"line":7,"column":124},"end":{"line":7,"column":170}},"type":"cond-expr","locations":[{"start":{"line":7,"column":148},"end":{"line":7,"column":151}},{"start":{"line":7,"column":154},"end":{"line":7,"column":170}}],"line":7},"1":{"loc":{"start":{"line":7,"column":124},"end":{"line":7,"column":145}},"type":"binary-expr","locations":[{"start":{"line":7,"column":124},"end":{"line":7,"column":127}},{"start":{"line":7,"column":131},"end":{"line":7,"column":145}}],"line":7},"2":{"loc":{"start":{"line":34,"column":8},"end":{"line":36,"column":9}},"type":"if","locations":[{"start":{"line":34,"column":8},"end":{"line":36,"column":9}},{"start":{"line":34,"column":8},"end":{"line":36,"column":9}}],"line":34}},"s":{"0":0,"1":0,"2":0,"3":0,"4":0,"5":0,"6":0,"7":0,"8":0,"9":0,"10":0,"11":0,"12":0,"13":0,"14":0,"15":0,"16":0,"17":0},"f":{"0":0,"1":0,"2":0,"3":0,"4":0},"b":{"0":[0,0],"1":[0,0],"2":[0,0]}}
,"C:\\Murrays Stuff\\Work Documents\\Code Projects\\webpack-3-mobx-base-project\\src\\components\\DemoComponent\\DemoComponent.js": {"path":"C:\\Murrays Stuff\\Work Documents\\Code Projects\\webpack-3-mobx-base-project\\src\\components\\DemoComponent\\DemoComponent.js","statementMap":{"0":{"start":{"line":6,"column":30},"end":{"line":6,"column":40}},"1":{"start":{"line":8,"column":8},"end":{"line":12,"column":10}}},"fnMap":{"0":{"name":"(anonymous_0)","decl":{"start":{"line":5,"column":4},"end":{"line":5,"column":5}},"loc":{"start":{"line":5,"column":13},"end":{"line":13,"column":5}},"line":5}},"branchMap":{},"s":{"0":2,"1":2},"f":{"0":2},"b":{},"_coverageSchema":"332fd63041d2c1bcb487cc26dd0d5f7d97098a6c","hash":"9e1b0c54d452ceee7d182cc54640d05eed66c643"}
,"C:\\Murrays Stuff\\Work Documents\\Code Projects\\webpack-3-mobx-base-project\\src\\container\\App-constants.js": {"path":"C:\\Murrays Stuff\\Work Documents\\Code Projects\\webpack-3-mobx-base-project\\src\\container\\App-constants.js","statementMap":{"0":{"start":{"line":1,"column":13},"end":{"line":1,"column":75}},"1":{"start":{"line":1,"column":90},"end":{"line":6,"column":10}},"2":{"start":{"line":9,"column":13},"end":{"line":12,"column":2}}},"fnMap":{},"branchMap":{},"s":{"0":0,"1":0,"2":0},"f":{},"b":{}}
,"C:\\Murrays Stuff\\Work Documents\\Code Projects\\webpack-3-mobx-base-project\\src\\container\\App-logic.js": {"path":"C:\\Murrays Stuff\\Work Documents\\Code Projects\\webpack-3-mobx-base-project\\src\\container\\App-logic.js","statementMap":{"0":{"start":{"line":15,"column":37},"end":{"line":26,"column":1}},"1":{"start":{"line":16,"column":18},"end":{"line":23,"column":6}},"2":{"start":{"line":17,"column":8},"end":{"line":22,"column":10}},"3":{"start":{"line":25,"column":4},"end":{"line":25,"column":17}},"4":{"start":{"line":28,"column":12},"end":{"line":28,"column":14}},"5":{"start":{"line":29,"column":17},"end":{"line":29,"column":19}},"6":{"start":{"line":31,"column":22},"end":{"line":53,"column":1}},"7":{"start":{"line":33,"column":4},"end":{"line":35,"column":5}},"8":{"start":{"line":34,"column":8},"end":{"line":34,"column":22}},"9":{"start":{"line":37,"column":27},"end":{"line":37,"column":75}},"10":{"start":{"line":40,"column":4},"end":{"line":49,"column":5}},"11":{"start":{"line":41,"column":8},"end":{"line":41,"column":46}},"12":{"start":{"line":42,"column":8},"end":{"line":42,"column":38}},"13":{"start":{"line":44,"column":8},"end":{"line":46,"column":10}},"14":{"start":{"line":48,"column":8},"end":{"line":48,"column":46}},"15":{"start":{"line":52,"column":4},"end":{"line":52,"column":49}},"16":{"start":{"line":55,"column":21},"end":{"line":57,"column":1}},"17":{"start":{"line":56,"column":4},"end":{"line":56,"column":43}},"18":{"start":{"line":59,"column":19},"end":{"line":80,"column":1}},"19":{"start":{"line":61,"column":4},"end":{"line":66,"column":5}},"20":{"start":{"line":62,"column":8},"end":{"line":65,"column":10}},"21":{"start":{"line":69,"column":4},"end":{"line":74,"column":5}},"22":{"start":{"line":70,"column":8},"end":{"line":73,"column":10}},"23":{"start":{"line":77,"column":4},"end":{"line":79,"column":6}},"24":{"start":{"line":82,"column":24},"end":{"line":92,"column":1}},"25":{"start":{"line":83,"column":22},"end":{"line":83,"column":58}},"26":{"start":{"line":85,"column":4},"end":{"line":87,"column":5}},"27":{"start":{"line":86,"column":8},"end":{"line":86,"column":34}},"28":{"start":{"line":89,"column":4},"end":{"line":91,"column":5}},"29":{"start":{"line":90,"column":8},"end":{"line":90,"column":78}},"30":{"start":{"line":94,"column":18},"end":{"line":98,"column":1}},"31":{"start":{"line":95,"column":4},"end":{"line":97,"column":7}},"32":{"start":{"line":96,"column":8},"end":{"line":96,"column":59}},"33":{"start":{"line":100,"column":32},"end":{"line":113,"column":1}},"34":{"start":{"line":102,"column":4},"end":{"line":110,"column":7}},"35":{"start":{"line":103,"column":8},"end":{"line":103,"column":31}},"36":{"start":{"line":105,"column":8},"end":{"line":109,"column":9}},"37":{"start":{"line":106,"column":12},"end":{"line":106,"column":36}},"38":{"start":{"line":108,"column":12},"end":{"line":108,"column":55}},"39":{"start":{"line":112,"column":4},"end":{"line":112,"column":22}}},"fnMap":{"0":{"name":"(anonymous_0)","decl":{"start":{"line":15,"column":37},"end":{"line":15,"column":38}},"loc":{"start":{"line":15,"column":51},"end":{"line":26,"column":1}},"line":15},"1":{"name":"(anonymous_1)","decl":{"start":{"line":16,"column":31},"end":{"line":16,"column":32}},"loc":{"start":{"line":16,"column":41},"end":{"line":23,"column":5}},"line":16},"2":{"name":"(anonymous_2)","decl":{"start":{"line":31,"column":22},"end":{"line":31,"column":23}},"loc":{"start":{"line":31,"column":56},"end":{"line":53,"column":1}},"line":31},"3":{"name":"(anonymous_3)","decl":{"start":{"line":55,"column":21},"end":{"line":55,"column":22}},"loc":{"start":{"line":55,"column":37},"end":{"line":57,"column":1}},"line":55},"4":{"name":"(anonymous_4)","decl":{"start":{"line":59,"column":19},"end":{"line":59,"column":20}},"loc":{"start":{"line":59,"column":53},"end":{"line":80,"column":1}},"line":59},"5":{"name":"(anonymous_5)","decl":{"start":{"line":82,"column":24},"end":{"line":82,"column":25}},"loc":{"start":{"line":82,"column":58},"end":{"line":92,"column":1}},"line":82},"6":{"name":"(anonymous_6)","decl":{"start":{"line":94,"column":18},"end":{"line":94,"column":19}},"loc":{"start":{"line":94,"column":40},"end":{"line":98,"column":1}},"line":94},"7":{"name":"(anonymous_7)","decl":{"start":{"line":95,"column":26},"end":{"line":95,"column":27}},"loc":{"start":{"line":95,"column":45},"end":{"line":97,"column":5}},"line":95},"8":{"name":"(anonymous_8)","decl":{"start":{"line":100,"column":32},"end":{"line":100,"column":33}},"loc":{"start":{"line":100,"column":42},"end":{"line":113,"column":1}},"line":100},"9":{"name":"(anonymous_9)","decl":{"start":{"line":102,"column":17},"end":{"line":102,"column":18}},"loc":{"start":{"line":102,"column":33},"end":{"line":110,"column":5}},"line":102}},"branchMap":{"0":{"loc":{"start":{"line":33,"column":4},"end":{"line":35,"column":5}},"type":"if","locations":[{"start":{"line":33,"column":4},"end":{"line":35,"column":5}},{"start":{"line":33,"column":4},"end":{"line":35,"column":5}}],"line":33},"1":{"loc":{"start":{"line":40,"column":4},"end":{"line":49,"column":5}},"type":"if","locations":[{"start":{"line":40,"column":4},"end":{"line":49,"column":5}},{"start":{"line":40,"column":4},"end":{"line":49,"column":5}}],"line":40},"2":{"loc":{"start":{"line":45,"column":28},"end":{"line":45,"column":57}},"type":"cond-expr","locations":[{"start":{"line":45,"column":52},"end":{"line":45,"column":53}},{"start":{"line":45,"column":56},"end":{"line":45,"column":57}}],"line":45},"3":{"loc":{"start":{"line":61,"column":4},"end":{"line":66,"column":5}},"type":"if","locations":[{"start":{"line":61,"column":4},"end":{"line":66,"column":5}},{"start":{"line":61,"column":4},"end":{"line":66,"column":5}}],"line":61},"4":{"loc":{"start":{"line":69,"column":4},"end":{"line":74,"column":5}},"type":"if","locations":[{"start":{"line":69,"column":4},"end":{"line":74,"column":5}},{"start":{"line":69,"column":4},"end":{"line":74,"column":5}}],"line":69},"5":{"loc":{"start":{"line":85,"column":4},"end":{"line":87,"column":5}},"type":"if","locations":[{"start":{"line":85,"column":4},"end":{"line":87,"column":5}},{"start":{"line":85,"column":4},"end":{"line":87,"column":5}}],"line":85},"6":{"loc":{"start":{"line":89,"column":4},"end":{"line":91,"column":5}},"type":"if","locations":[{"start":{"line":89,"column":4},"end":{"line":91,"column":5}},{"start":{"line":89,"column":4},"end":{"line":91,"column":5}}],"line":89},"7":{"loc":{"start":{"line":105,"column":8},"end":{"line":109,"column":9}},"type":"if","locations":[{"start":{"line":105,"column":8},"end":{"line":109,"column":9}},{"start":{"line":105,"column":8},"end":{"line":109,"column":9}}],"line":105}},"s":{"0":1,"1":2,"2":2,"3":2,"4":1,"5":1,"6":1,"7":0,"8":0,"9":0,"10":0,"11":0,"12":0,"13":0,"14":0,"15":0,"16":1,"17":0,"18":1,"19":0,"20":0,"21":0,"22":0,"23":0,"24":1,"25":0,"26":0,"27":0,"28":0,"29":0,"30":1,"31":0,"32":0,"33":1,"34":0,"35":0,"36":0,"37":0,"38":0,"39":0},"f":{"0":2,"1":2,"2":0,"3":0,"4":0,"5":0,"6":0,"7":0,"8":0,"9":0},"b":{"0":[0,0],"1":[0,0],"2":[0,0],"3":[0,0],"4":[0,0],"5":[0,0],"6":[0,0],"7":[0,0]},"_coverageSchema":"332fd63041d2c1bcb487cc26dd0d5f7d97098a6c","hash":"b36afd94f5e6c36c0435992fe5f68416048ace54"}
,"C:\\Murrays Stuff\\Work Documents\\Code Projects\\webpack-3-mobx-base-project\\src\\container\\App.js": {"path":"C:\\Murrays Stuff\\Work Documents\\Code Projects\\webpack-3-mobx-base-project\\src\\container\\App.js","statementMap":{"0":{"start":{"line":1,"column":13},"end":{"line":1,"column":75}},"1":{"start":{"line":1,"column":97},"end":{"line":1,"column":153}},"2":{"start":{"line":1,"column":177},"end":{"line":1,"column":216}},"3":{"start":{"line":1,"column":240},"end":{"line":1,"column":287}},"4":{"start":{"line":1,"column":311},"end":{"line":1,"column":351}},"5":{"start":{"line":1,"column":372},"end":{"line":1,"column":416}},"6":{"start":{"line":1,"column":437},"end":{"line":1,"column":474}},"7":{"start":{"line":1,"column":509},"end":{"line":1,"column":567}},"8":{"start":{"line":1,"column":602},"end":{"line":1,"column":653}},"9":{"start":{"line":1,"column":671},"end":{"line":1,"column":712}},"10":{"start":{"line":1,"column":730},"end":{"line":1,"column":764}},"11":{"start":{"line":2,"column":13},"end":{"line":2,"column":29}},"12":{"start":{"line":2,"column":44},"end":{"line":2,"column":74}},"13":{"start":{"line":5,"column":0},"end":{"line":5,"column":21}},"14":{"start":{"line":8,"column":16},"end":{"line":8,"column":38}},"15":{"start":{"line":8,"column":51},"end":{"line":8,"column":85}},"16":{"start":{"line":11,"column":20},"end":{"line":11,"column":46}},"17":{"start":{"line":11,"column":63},"end":{"line":11,"column":101}},"18":{"start":{"line":11,"column":141},"end":{"line":11,"column":357}},"19":{"start":{"line":11,"column":169},"end":{"line":11,"column":180}},"20":{"start":{"line":11,"column":201},"end":{"line":11,"column":203}},"21":{"start":{"line":11,"column":204},"end":{"line":11,"column":321}},"22":{"start":{"line":11,"column":222},"end":{"line":11,"column":320}},"23":{"start":{"line":11,"column":244},"end":{"line":11,"column":319}},"24":{"start":{"line":11,"column":296},"end":{"line":11,"column":319}},"25":{"start":{"line":11,"column":321},"end":{"line":11,"column":342}},"26":{"start":{"line":11,"column":342},"end":{"line":11,"column":356}},"27":{"start":{"line":11,"column":396},"end":{"line":11,"column":450}},"28":{"start":{"line":13,"column":10},"end":{"line":30,"column":44}},"29":{"start":{"line":13,"column":33},"end":{"line":13,"column":74}},"30":{"start":{"line":13,"column":90},"end":{"line":13,"column":131}},"31":{"start":{"line":13,"column":131},"end":{"line":13,"column":263}},"32":{"start":{"line":13,"column":264},"end":{"line":30,"column":14}},"33":{"start":{"line":16,"column":25},"end":{"line":16,"column":67}},"34":{"start":{"line":17,"column":12},"end":{"line":17,"column":44}},"35":{"start":{"line":18,"column":12},"end":{"line":18,"column":63}},"36":{"start":{"line":19,"column":30},"end":{"line":19,"column":109}},"37":{"start":{"line":19,"column":67},"end":{"line":19,"column":107}},"38":{"start":{"line":20,"column":12},"end":{"line":20,"column":58}},"39":{"start":{"line":22,"column":12},"end":{"line":26,"column":95}},"40":{"start":{"line":30,"column":14},"end":{"line":30,"column":25}},"41":{"start":{"line":32,"column":0},"end":{"line":32,"column":22}}},"fnMap":{"0":{"name":"_interopRequireWildcard","decl":{"start":{"line":11,"column":111},"end":{"line":11,"column":134}},"loc":{"start":{"line":11,"column":140},"end":{"line":11,"column":358}},"line":11},"1":{"name":"_interopRequireDefault","decl":{"start":{"line":11,"column":367},"end":{"line":11,"column":389}},"loc":{"start":{"line":11,"column":395},"end":{"line":11,"column":451}},"line":11},"2":{"name":"(anonymous_2)","decl":{"start":{"line":13,"column":10},"end":{"line":13,"column":11}},"loc":{"start":{"line":13,"column":32},"end":{"line":30,"column":26}},"line":13},"3":{"name":"App","decl":{"start":{"line":13,"column":83},"end":{"line":13,"column":86}},"loc":{"start":{"line":13,"column":89},"end":{"line":13,"column":264}},"line":13},"4":{"name":"render","decl":{"start":{"line":13,"column":330},"end":{"line":13,"column":336}},"loc":{"start":{"line":14,"column":8},"end":{"line":30,"column":9}},"line":14},"5":{"name":"(anonymous_5)","decl":{"start":{"line":19,"column":43},"end":{"line":19,"column":44}},"loc":{"start":{"line":19,"column":66},"end":{"line":19,"column":108}},"line":19}},"branchMap":{"0":{"loc":{"start":{"line":11,"column":141},"end":{"line":11,"column":357}},"type":"if","locations":[{"start":{"line":11,"column":141},"end":{"line":11,"column":357}},{"start":{"line":11,"column":141},"end":{"line":11,"column":357}}],"line":11},"1":{"loc":{"start":{"line":11,"column":145},"end":{"line":11,"column":166}},"type":"binary-expr","locations":[{"start":{"line":11,"column":145},"end":{"line":11,"column":148}},{"start":{"line":11,"column":152},"end":{"line":11,"column":166}}],"line":11},"2":{"loc":{"start":{"line":11,"column":204},"end":{"line":11,"column":321}},"type":"if","locations":[{"start":{"line":11,"column":204},"end":{"line":11,"column":321}},{"start":{"line":11,"column":204},"end":{"line":11,"column":321}}],"line":11},"3":{"loc":{"start":{"line":11,"column":244},"end":{"line":11,"column":319}},"type":"if","locations":[{"start":{"line":11,"column":244},"end":{"line":11,"column":319}},{"start":{"line":11,"column":244},"end":{"line":11,"column":319}}],"line":11},"4":{"loc":{"start":{"line":11,"column":403},"end":{"line":11,"column":449}},"type":"cond-expr","locations":[{"start":{"line":11,"column":427},"end":{"line":11,"column":430}},{"start":{"line":11,"column":433},"end":{"line":11,"column":449}}],"line":11},"5":{"loc":{"start":{"line":11,"column":403},"end":{"line":11,"column":424}},"type":"binary-expr","locations":[{"start":{"line":11,"column":403},"end":{"line":11,"column":406}},{"start":{"line":11,"column":410},"end":{"line":11,"column":424}}],"line":11},"6":{"loc":{"start":{"line":13,"column":186},"end":{"line":13,"column":237}},"type":"binary-expr","locations":[{"start":{"line":13,"column":186},"end":{"line":13,"column":199}},{"start":{"line":13,"column":203},"end":{"line":13,"column":237}}],"line":13},"7":{"loc":{"start":{"line":20,"column":24},"end":{"line":20,"column":56}},"type":"cond-expr","locations":[{"start":{"line":20,"column":38},"end":{"line":20,"column":47}},{"start":{"line":20,"column":50},"end":{"line":20,"column":56}}],"line":20}},"s":{"0":0,"1":0,"2":0,"3":0,"4":0,"5":0,"6":0,"7":0,"8":0,"9":0,"10":0,"11":0,"12":0,"13":0,"14":0,"15":0,"16":0,"17":0,"18":0,"19":0,"20":0,"21":0,"22":0,"23":0,"24":0,"25":0,"26":0,"27":0,"28":0,"29":0,"30":0,"31":0,"32":0,"33":0,"34":0,"35":0,"36":0,"37":0,"38":0,"39":0,"40":0,"41":0},"f":{"0":0,"1":0,"2":0,"3":0,"4":0,"5":0},"b":{"0":[0,0],"1":[0,0],"2":[0,0],"3":[0,0],"4":[0,0],"5":[0,0],"6":[0,0],"7":[0,0]}}
}
