TN:
SF:C:\Murrays Stuff\Work Documents\Code Projects\webpack-3-mobx-base-project\src\index.js
FN:7,_interopRequireDefault
FN:14,renderToTargetDiv
FN:27,findAndRenderToTarget
FN:30,(anonymous_3)
FN:35,(anonymous_4)
FNF:5
FNH:0
FNDA:0,_interopRequireDefault
FNDA:0,renderToTargetDiv
FNDA:0,findAndRenderToTarget
FNDA:0,(anonymous_3)
FNDA:0,(anonymous_4)
DA:2,0
DA:3,0
DA:4,0
DA:7,0
DA:14,0
DA:15,0
DA:27,0
DA:28,0
DA:30,0
DA:31,0
DA:34,0
DA:35,0
DA:41,0
LF:13
LH:0
BRDA:7,0,0,0
BRDA:7,0,1,0
BRDA:7,1,0,0
BRDA:7,1,1,0
BRDA:34,2,0,0
BRDA:34,2,1,0
BRF:6
BRH:0
end_of_record
TN:
SF:C:\Murrays Stuff\Work Documents\Code Projects\webpack-3-mobx-base-project\src\components\DemoComponent\DemoComponent.js
FN:5,(anonymous_0)
FNF:1
FNH:1
FNDA:2,(anonymous_0)
DA:6,2
DA:8,2
LF:2
LH:2
BRF:0
BRH:0
end_of_record
TN:
SF:C:\Murrays Stuff\Work Documents\Code Projects\webpack-3-mobx-base-project\src\container\App-constants.js
FNF:0
FNH:0
DA:1,0
DA:9,0
LF:2
LH:0
BRF:0
BRH:0
end_of_record
TN:
SF:C:\Murrays Stuff\Work Documents\Code Projects\webpack-3-mobx-base-project\src\container\App-logic.js
FN:15,(anonymous_0)
FN:16,(anonymous_1)
FN:31,(anonymous_2)
FN:55,(anonymous_3)
FN:59,(anonymous_4)
FN:82,(anonymous_5)
FN:94,(anonymous_6)
FN:95,(anonymous_7)
FN:100,(anonymous_8)
FN:102,(anonymous_9)
FNF:10
FNH:2
FNDA:2,(anonymous_0)
FNDA:2,(anonymous_1)
FNDA:0,(anonymous_2)
FNDA:0,(anonymous_3)
FNDA:0,(anonymous_4)
FNDA:0,(anonymous_5)
FNDA:0,(anonymous_6)
FNDA:0,(anonymous_7)
FNDA:0,(anonymous_8)
FNDA:0,(anonymous_9)
DA:15,1
DA:16,2
DA:17,2
DA:25,2
DA:28,1
DA:29,1
DA:31,1
DA:33,0
DA:34,0
DA:37,0
DA:40,0
DA:41,0
DA:42,0
DA:44,0
DA:48,0
DA:52,0
DA:55,1
DA:56,0
DA:59,1
DA:61,0
DA:62,0
DA:69,0
DA:70,0
DA:77,0
DA:82,1
DA:83,0
DA:85,0
DA:86,0
DA:89,0
DA:90,0
DA:94,1
DA:95,0
DA:96,0
DA:100,1
DA:102,0
DA:103,0
DA:105,0
DA:106,0
DA:108,0
DA:112,0
LF:40
LH:12
BRDA:33,0,0,0
BRDA:33,0,1,0
BRDA:40,1,0,0
BRDA:40,1,1,0
BRDA:45,2,0,0
BRDA:45,2,1,0
BRDA:61,3,0,0
BRDA:61,3,1,0
BRDA:69,4,0,0
BRDA:69,4,1,0
BRDA:85,5,0,0
BRDA:85,5,1,0
BRDA:89,6,0,0
BRDA:89,6,1,0
BRDA:105,7,0,0
BRDA:105,7,1,0
BRF:16
BRH:0
end_of_record
TN:
SF:C:\Murrays Stuff\Work Documents\Code Projects\webpack-3-mobx-base-project\src\container\App.js
FN:11,_interopRequireWildcard
FN:11,_interopRequireDefault
FN:13,(anonymous_2)
FN:13,App
FN:13,render
FN:19,(anonymous_5)
FNF:6
FNH:0
FNDA:0,_interopRequireWildcard
FNDA:0,_interopRequireDefault
FNDA:0,(anonymous_2)
FNDA:0,App
FNDA:0,render
FNDA:0,(anonymous_5)
DA:1,0
DA:2,0
DA:5,0
DA:8,0
DA:11,0
DA:13,0
DA:16,0
DA:17,0
DA:18,0
DA:19,0
DA:20,0
DA:22,0
DA:30,0
DA:32,0
LF:14
LH:0
BRDA:11,0,0,0
BRDA:11,0,1,0
BRDA:11,1,0,0
BRDA:11,1,1,0
BRDA:11,2,0,0
BRDA:11,2,1,0
BRDA:11,3,0,0
BRDA:11,3,1,0
BRDA:11,4,0,0
BRDA:11,4,1,0
BRDA:11,5,0,0
BRDA:11,5,1,0
BRDA:13,6,0,0
BRDA:13,6,1,0
BRDA:20,7,0,0
BRDA:20,7,1,0
BRF:16
BRH:0
end_of_record
